<?xml version="1.0" encoding="UTF-8"?>
<testsuite xmlns:xsi="http://www.w3.org/2001/XMLSchema-instance" xsi:noNamespaceSchemaLocation="https://maven.apache.org/surefire/maven-surefire-plugin/xsd/surefire-test-report-3.0.xsd" version="3.0" name="com.nullteam.test.TestExecutorThread" time="0.405" tests="10" errors="0" skipped="0" failures="0">
  <properties>
[...]
</properties>
  <testcase name="testKillContainer" classname="com.nullteam.test.TestExecutorThread" time="0.037"/>
  <testcase name="testRenameContainer" classname="com.nullteam.test.TestExecutorThread" time="0.03"/>
  <testcase name="testUnpauseContainer" classname="com.nullteam.test.TestExecutorThread" time="0.045"/>
  <testcase name="testFindContainerInClient" classname="com.nullteam.test.TestExecutorThread" time="0.048">
    <system-out><![CDATA[Name: /nifty_haibt  Image: nginx
    STATUS: Exited (0) 3 hours ago
    ID: d298298ba939a445fa4a534b756edbdb520b7d34e352910dce5952758a72b164
]]></system-out>
  </testcase>
  <testcase name="testStopContainer" classname="com.nullteam.test.TestExecutorThread" time="0.029"/>
  <testcase name="testPauseContainer" classname="com.nullteam.test.TestExecutorThread" time="0.052"/>
  <testcase name="testImplementImage" classname="com.nullteam.test.TestExecutorThread" time="0.034"/>
  <testcase name="testFindImageInClient" classname="com.nullteam.test.TestExecutorThread" time="0.038">
    <system-out><![CDATA[nginx
sha256:a8758716bb6aa4d90071160d27028fe4eaee7ce8166221a97d30440c8eac2be6
a8758716bb6aa4d90071160d27028fe4eaee7ce8166221a97d30440c8eac2be6
]]></system-out>
  </testcase>
  <testcase name="testRemoveContainer" classname="com.nullteam.test.TestExecutorThread" time="0.045"/>
  <testcase name="testRestartContainer" classname="com.nullteam.test.TestExecutorThread" time="0.046"/>
</testsuite>