<?xml version="1.0" encoding="UTF-8"?>
<testsuite xmlns:xsi="http://www.w3.org/2001/XMLSchema-instance" xsi:noNamespaceSchemaLocation="https://maven.apache.org/surefire/maven-surefire-plugin/xsd/surefire-test-report.xsd" name="com.nullteam.test.TestDockerImage" time="0.369" tests="8" errors="4" skipped="0" failures="1">
  <properties>
[...]
</properties>
  <testcase name="testGetImageId" classname="com.nullteam.test.TestDockerImage" time="0.039">
    <error message="Index 1 out of bounds for length 1" type="java.lang.ArrayIndexOutOfBoundsException">java.lang.ArrayIndexOutOfBoundsException: Index 1 out of bounds for length 1
	at com.nullteam.test.TestDockerImage.testGetImageId(TestDockerImage.java:37)
</error>
  </testcase>
  <testcase name="testImplementAnImage" classname="com.nullteam.test.TestDockerImage" time="0"/>
  <testcase name="testToString" classname="com.nullteam.test.TestDockerImage" time="0">
    <error message="Index 1 out of bounds for length 1" type="java.lang.ArrayIndexOutOfBoundsException">java.lang.ArrayIndexOutOfBoundsException: Index 1 out of bounds for length 1
	at com.nullteam.test.TestDockerImage.testToString(TestDockerImage.java:42)
</error>
  </testcase>
  <testcase name="testChooseAnImage" classname="com.nullteam.test.TestDockerImage" time="0"/>
  <testcase name="testListAllImages" classname="com.nullteam.test.TestDockerImage" time="0.002">
    <error message="Index 1 out of bounds for length 1" type="java.lang.ArrayIndexOutOfBoundsException">java.lang.ArrayIndexOutOfBoundsException: Index 1 out of bounds for length 1
	at com.nullteam.test.TestDockerImage.testListAllImages(TestDockerImage.java:53)
</error>
  </testcase>
  <testcase name="testGetImageRep" classname="com.nullteam.test.TestDockerImage" time="0.001"/>
  <testcase name="testGetImageTag" classname="com.nullteam.test.TestDockerImage" time="0.006">
    <failure message="Failure - wrong Tag expected:&lt;[l]atest&gt; but was:&lt;[L]atest&gt;" type="org.junit.ComparisonFailure"><![CDATA[org.junit.ComparisonFailure: Failure - wrong Tag expected:<[l]atest> but was:<[L]atest>
	at com.nullteam.test.TestDockerImage.testGetImageTag(TestDockerImage.java:32)
]]></failure>
  </testcase>
  <testcase name="testConstructor" classname="com.nullteam.test.TestDockerImage" time="0.001">
    <error message="Index 1 out of bounds for length 1" type="java.lang.ArrayIndexOutOfBoundsException">java.lang.ArrayIndexOutOfBoundsException: Index 1 out of bounds for length 1
	at com.nullteam.test.TestDockerImage.testConstructor(TestDockerImage.java:47)
</error>
  </testcase>
</testsuite>