<?xml version="1.0" encoding="UTF-8"?>
<testsuite xmlns:xsi="http://www.w3.org/2001/XMLSchema-instance" xsi:noNamespaceSchemaLocation="https://maven.apache.org/surefire/maven-surefire-plugin/xsd/surefire-test-report.xsd" name="com.nullteam.test.TestDockerInstance" time="11.524" tests="21" errors="0" skipped="0" failures="4">
  <properties>
[...]
</properties>
  <testcase name="testStartContainer" classname="com.nullteam.test.TestDockerInstance" time="6.383"/>
  <testcase name="testKillContainer" classname="com.nullteam.test.TestDockerInstance" time="0.33"/>
  <testcase name="testListActiveContainers" classname="com.nullteam.test.TestDockerInstance" time="0.207"/>
  <testcase name="testGetContainerStatus" classname="com.nullteam.test.TestDockerInstance" time="0.336"/>
  <testcase name="testGetContainerImage" classname="com.nullteam.test.TestDockerInstance" time="0.142"/>
  <testcase name="testGetContainerId" classname="com.nullteam.test.TestDockerInstance" time="0.172"/>
  <testcase name="testRenameContainer" classname="com.nullteam.test.TestDockerInstance" time="0.264"/>
  <testcase name="testChooseAStoppedContainer" classname="com.nullteam.test.TestDockerInstance" time="0.127">
    <failure message="Failure does not contain an Exited container" type="java.lang.AssertionError">java.lang.AssertionError: Failure does not contain an Exited container
	at com.nullteam.test.TestDockerInstance.testChooseAStoppedContainer(TestDockerInstance.java:183)
</failure>
  </testcase>
  <testcase name="testToString" classname="com.nullteam.test.TestDockerInstance" time="0.153">
    <failure message="Fail wrong output expected:&lt;.../GUSTAVO_FRING123  I[mage: nginx  STATUS: running&#10;ID: ad952480f9f28d0992ec70b5942efc8b5d3b8b8aaa50551f22a14db4ebcc5c39]&gt; but was:&lt;.../GUSTAVO_FRING123  I[D: ad952480f9f28d0992ec70b5942efc8b5d3b8b8aaa50551f22a14db4ebcc5c39  Image: nginx  STATUS: running]&gt;" type="org.junit.ComparisonFailure"><![CDATA[org.junit.ComparisonFailure: 
Fail wrong output expected:<.../GUSTAVO_FRING123  I[mage: nginx  STATUS: running
ID: ad952480f9f28d0992ec70b5942efc8b5d3b8b8aaa50551f22a14db4ebcc5c39]> but was:<.../GUSTAVO_FRING123  I[D: ad952480f9f28d0992ec70b5942efc8b5d3b8b8aaa50551f22a14db4ebcc5c39  Image: nginx  STATUS: running]>
	at com.nullteam.test.TestDockerInstance.testToString(TestDockerInstance.java:66)
]]></failure>
  </testcase>
  <testcase name="testUnpauseContainer" classname="com.nullteam.test.TestDockerInstance" time="0.291"/>
  <testcase name="testSetContainerStatus" classname="com.nullteam.test.TestDockerInstance" time="0.067"/>
  <testcase name="testListAllContainers" classname="com.nullteam.test.TestDockerInstance" time="0.139">
    <failure message="FAIL expected:&lt;1) Name: [GREGORY ID: 89938596d8d0 Image: mongo1 STATUS: Exited]&#10;2) Name: NewContain...&gt; but was:&lt;1) Name: [/GUSTAVO_FRING123 ID: ad952480f9f28d0992ec70b5942efc8b5d3b8b8aaa50551f22a14db4ebcc5c39 Image: nginx STATUS: running]&#10;2) Name: NewContain...&gt;" type="org.junit.ComparisonFailure"><![CDATA[org.junit.ComparisonFailure: 
FAIL expected:<1) Name: [GREGORY ID: 89938596d8d0 Image: mongo1 STATUS: Exited]
2) Name: NewContain...> but was:<1) Name: [/GUSTAVO_FRING123 ID: ad952480f9f28d0992ec70b5942efc8b5d3b8b8aaa50551f22a14db4ebcc5c39 Image: nginx STATUS: running]
2) Name: NewContain...>
	at com.nullteam.test.TestDockerInstance.testListAllContainers(TestDockerInstance.java:145)
]]></failure>
  </testcase>
  <testcase name="testStopContainer" classname="com.nullteam.test.TestDockerInstance" time="1.047"/>
  <testcase name="testGetContainerName" classname="com.nullteam.test.TestDockerInstance" time="0.114"/>
  <testcase name="testNoActiveContainers" classname="com.nullteam.test.TestDockerInstance" time="0.087"/>
  <testcase name="testPauseContainer" classname="com.nullteam.test.TestDockerInstance" time="0.173"/>
  <testcase name="testRemoveContainer" classname="com.nullteam.test.TestDockerInstance" time="0.224">
    <failure message="Failure removed wrong container" type="java.lang.AssertionError">java.lang.AssertionError: Failure removed wrong container
	at com.nullteam.test.TestDockerInstance.testRemoveContainer(TestDockerInstance.java:97)
</failure>
    <system-err><![CDATA[com.github.dockerjava.api.exception.NotFoundException: Status 404: No such container: 7696e2ff9c91
	at com.github.dockerjava.jaxrs.filter.ResponseStatusExceptionFilter.filter(ResponseStatusExceptionFilter.java:62)
	at org.glassfish.jersey.client.ClientFilteringStages$ResponseFilterStage.apply(ClientFilteringStages.java:171)
	at org.glassfish.jersey.client.ClientFilteringStages$ResponseFilterStage.apply(ClientFilteringStages.java:159)
	at org.glassfish.jersey.process.internal.Stages.process(Stages.java:147)
	at org.glassfish.jersey.client.ClientRuntime.invoke(ClientRuntime.java:301)
	at org.glassfish.jersey.client.JerseyInvocation.lambda$invoke$0(JerseyInvocation.java:609)
	at org.glassfish.jersey.internal.Errors.process(Errors.java:292)
	at org.glassfish.jersey.internal.Errors.process(Errors.java:274)
	at org.glassfish.jersey.internal.Errors.process(Errors.java:205)
	at org.glassfish.jersey.process.internal.RequestScope.runInScope(RequestScope.java:390)
	at org.glassfish.jersey.client.JerseyInvocation.invoke(JerseyInvocation.java:608)
	at com.github.dockerjava.jaxrs.JerseyDockerHttpClient.execute(JerseyDockerHttpClient.java:301)
	at com.github.dockerjava.core.DefaultInvocationBuilder.execute(DefaultInvocationBuilder.java:228)
	at com.github.dockerjava.core.DefaultInvocationBuilder.delete(DefaultInvocationBuilder.java:56)
	at com.github.dockerjava.core.exec.RemoveContainerCmdExec.execute(RemoveContainerCmdExec.java:28)
	at com.github.dockerjava.core.exec.RemoveContainerCmdExec.execute(RemoveContainerCmdExec.java:11)
	at com.github.dockerjava.core.exec.AbstrSyncDockerCmdExec.exec(AbstrSyncDockerCmdExec.java:21)
	at com.github.dockerjava.core.command.AbstrDockerCmd.exec(AbstrDockerCmd.java:33)
	at com.github.dockerjava.core.command.RemoveContainerCmdImpl.exec(RemoveContainerCmdImpl.java:66)
	at com.nullteam.DockerInstance.removeContainer(DockerInstance.java:188)
	at com.nullteam.test.TestDockerInstance.testRemoveContainer(TestDockerInstance.java:94)
	at java.base/jdk.internal.reflect.DirectMethodHandleAccessor.invoke(DirectMethodHandleAccessor.java:103)
	at java.base/java.lang.reflect.Method.invoke(Method.java:580)
	at org.junit.runners.model.FrameworkMethod$1.runReflectiveCall(FrameworkMethod.java:59)
	at org.junit.internal.runners.model.ReflectiveCallable.run(ReflectiveCallable.java:12)
	at org.junit.runners.model.FrameworkMethod.invokeExplosively(FrameworkMethod.java:56)
	at org.junit.internal.runners.statements.InvokeMethod.evaluate(InvokeMethod.java:17)
	at org.junit.internal.runners.statements.RunBefores.evaluate(RunBefores.java:26)
	at org.junit.internal.runners.statements.RunAfters.evaluate(RunAfters.java:27)
	at org.junit.runners.ParentRunner$3.evaluate(ParentRunner.java:306)
	at org.junit.runners.BlockJUnit4ClassRunner$1.evaluate(BlockJUnit4ClassRunner.java:100)
	at org.junit.runners.ParentRunner.runLeaf(ParentRunner.java:366)
	at org.junit.runners.BlockJUnit4ClassRunner.runChild(BlockJUnit4ClassRunner.java:103)
	at org.junit.runners.BlockJUnit4ClassRunner.runChild(BlockJUnit4ClassRunner.java:63)
	at org.junit.runners.ParentRunner$4.run(ParentRunner.java:331)
	at org.junit.runners.ParentRunner$1.schedule(ParentRunner.java:79)
	at org.junit.runners.ParentRunner.runChildren(ParentRunner.java:329)
	at org.junit.runners.ParentRunner.access$100(ParentRunner.java:66)
	at org.junit.runners.ParentRunner$2.evaluate(ParentRunner.java:293)
	at org.junit.runners.ParentRunner$3.evaluate(ParentRunner.java:306)
	at org.junit.runners.ParentRunner.run(ParentRunner.java:413)
	at org.apache.maven.surefire.junit4.JUnit4Provider.execute(JUnit4Provider.java:365)
	at org.apache.maven.surefire.junit4.JUnit4Provider.executeWithRerun(JUnit4Provider.java:273)
	at org.apache.maven.surefire.junit4.JUnit4Provider.executeTestSet(JUnit4Provider.java:238)
	at org.apache.maven.surefire.junit4.JUnit4Provider.invoke(JUnit4Provider.java:159)
	at org.apache.maven.surefire.booter.ForkedBooter.invokeProviderInSameClassLoader(ForkedBooter.java:384)
	at org.apache.maven.surefire.booter.ForkedBooter.runSuitesInProcess(ForkedBooter.java:345)
	at org.apache.maven.surefire.booter.ForkedBooter.execute(ForkedBooter.java:126)
	at org.apache.maven.surefire.booter.ForkedBooter.main(ForkedBooter.java:418)
]]></system-err>
  </testcase>
  <testcase name="testChooseAnActiveContainer" classname="com.nullteam.test.TestDockerInstance" time="0.088"/>
  <testcase name="testInspectContainer" classname="com.nullteam.test.TestDockerInstance" time="0.101"/>
  <testcase name="testChooseAContainer" classname="com.nullteam.test.TestDockerInstance" time="0.124"/>
  <testcase name="testRestartContainer" classname="com.nullteam.test.TestDockerInstance" time="0.952"/>
</testsuite>